Gym_python/app/build/intermediates/manifest_merge_blame_file/debug/manifest-merger-blame-debug-report.txt
1<?xml version="1.0" encoding="utf-8"?>
2<manifest xmlns:android="http://schemas.android.com/apk/res/android"
3    package="com.example.gym"
4    android:versionCode="1"
5    android:versionName="1.0" >
6
7    <uses-sdk
7-->src\main\AndroidManifest.xml:7:5-9:41
8        android:minSdkVersion="19"
8-->src\main\AndroidManifest.xml:8:9-35
9        android:targetSdkVersion="30" />
9-->src\main\AndroidManifest.xml:9:9-38
10
11    <uses-permission android:name="android.permission.INTERNET" />
11-->src\main\AndroidManifest.xml:11:5-67
11-->src\main\AndroidManifest.xml:11:22-64
12
13    <application
13-->src\main\AndroidManifest.xml:13:5-92:19
14        android:allowBackup="true"
14-->src\main\AndroidManifest.xml:14:9-35
15        android:appComponentFactory="android.support.v4.app.CoreComponentFactory"
15-->[com.android.support:support-compat:28.0.0] AndroidManifest.xml:22:18-91
16        android:debuggable="true"
17        android:icon="@drawable/c"
17-->src\main\AndroidManifest.xml:15:9-35
18        android:label="@string/app_name"
18-->src\main\AndroidManifest.xml:16:9-41
19        android:requestLegacyExternalStorage="true"
19-->src\main\AndroidManifest.xml:17:9-52
20        android:testOnly="true"
21        android:theme="@style/AppTheme"
21-->src\main\AndroidManifest.xml:18:9-40
22        android:usesCleartextTraffic="true" >
22-->src\main\AndroidManifest.xml:19:9-44
23        <activity
23-->src\main\AndroidManifest.xml:20:9-22:40
24            android:name="com.example.gym.View_tournament"
24-->src\main\AndroidManifest.xml:21:13-44
25            android:exported="false" />
25-->src\main\AndroidManifest.xml:22:13-37
26        <activity
26-->src\main\AndroidManifest.xml:23:9-25:40
27            android:name="com.example.gym.User_rate_employee"
27-->src\main\AndroidManifest.xml:24:13-47
28            android:exported="false" />
28-->src\main\AndroidManifest.xml:25:13-37
29        <activity
29-->src\main\AndroidManifest.xml:26:9-28:40
30            android:name="com.example.gym.User_view_employee"
30-->src\main\AndroidManifest.xml:27:13-47
31            android:exported="false" />
31-->src\main\AndroidManifest.xml:28:13-37
32        <activity
32-->src\main\AndroidManifest.xml:29:9-31:40
33            android:name="com.example.gym.Enter_otp"
33-->src\main\AndroidManifest.xml:30:13-38
34            android:exported="false" />
34-->src\main\AndroidManifest.xml:31:13-37
35        <activity
35-->src\main\AndroidManifest.xml:32:9-34:40
36            android:name="com.example.gym.View_order_products"
36-->src\main\AndroidManifest.xml:33:13-48
37            android:exported="false" />
37-->src\main\AndroidManifest.xml:34:13-37
38        <activity
38-->src\main\AndroidManifest.xml:35:9-37:40
39            android:name="com.example.gym.View_my_orders"
39-->src\main\AndroidManifest.xml:36:13-43
40            android:exported="false" />
40-->src\main\AndroidManifest.xml:37:13-37
41        <activity
41-->src\main\AndroidManifest.xml:38:9-40:40
42            android:name="com.example.gym.User_payment"
42-->src\main\AndroidManifest.xml:39:13-41
43            android:exported="false" />
43-->src\main\AndroidManifest.xml:40:13-37
44        <activity
44-->src\main\AndroidManifest.xml:41:9-43:40
45            android:name="com.example.gym.View_cart_items"
45-->src\main\AndroidManifest.xml:42:13-44
46            android:exported="false" />
46-->src\main\AndroidManifest.xml:43:13-37
47        <activity
47-->src\main\AndroidManifest.xml:44:9-46:40
48            android:name="com.example.gym.Add_to_cart"
48-->src\main\AndroidManifest.xml:45:13-40
49            android:exported="false" />
49-->src\main\AndroidManifest.xml:46:13-37
50        <activity
50-->src\main\AndroidManifest.xml:47:9-49:40
51            android:name="com.example.gym.View_products"
51-->src\main\AndroidManifest.xml:48:13-42
52            android:exported="false" />
52-->src\main\AndroidManifest.xml:49:13-37
53        <activity
53-->src\main\AndroidManifest.xml:50:9-52:48
54            android:name="com.example.gym.Login"
54-->src\main\AndroidManifest.xml:51:13-34
55            android:label="@string/app_name" />
55-->src\main\AndroidManifest.xml:52:13-45
56        <activity
56-->src\main\AndroidManifest.xml:53:9-61:20
57            android:name="com.example.gym.Ipsettings"
57-->src\main\AndroidManifest.xml:54:13-39
58            android:label="@string/title_activity_ipsettings" >
58-->src\main\AndroidManifest.xml:55:13-62
59            <intent-filter>
59-->src\main\AndroidManifest.xml:56:13-60:29
60                <action android:name="android.intent.action.MAIN" />
60-->src\main\AndroidManifest.xml:57:17-69
60-->src\main\AndroidManifest.xml:57:25-66
61
62                <category android:name="android.intent.category.LAUNCHER" />
62-->src\main\AndroidManifest.xml:59:17-77
62-->src\main\AndroidManifest.xml:59:27-74
63            </intent-filter>
64        </activity>
65        <activity
65-->src\main\AndroidManifest.xml:62:9-64:59
66            android:name="com.example.gym.Home"
66-->src\main\AndroidManifest.xml:63:13-33
67            android:label="@string/title_activity_home" />
67-->src\main\AndroidManifest.xml:64:13-56
68        <activity
68-->src\main\AndroidManifest.xml:65:9-67:67
69            android:name="com.example.gym.Registration"
69-->src\main\AndroidManifest.xml:66:13-41
70            android:label="@string/title_activity_registration" />
70-->src\main\AndroidManifest.xml:67:13-64
71        <activity
71-->src\main\AndroidManifest.xml:68:9-70:62
72            android:name="com.example.gym.Payment"
72-->src\main\AndroidManifest.xml:69:13-36
73            android:label="@string/title_activity_payment" />
73-->src\main\AndroidManifest.xml:70:13-59
74        <activity
74-->src\main\AndroidManifest.xml:71:9-73:70
75            android:name="com.example.gym.View_equipments"
75-->src\main\AndroidManifest.xml:72:13-44
76            android:label="@string/title_activity_view_equipments" />
76-->src\main\AndroidManifest.xml:73:13-67
77        <activity
77-->src\main\AndroidManifest.xml:74:9-76:65
78            android:name="com.example.gym.View_usage"
78-->src\main\AndroidManifest.xml:75:13-39
79            android:label="@string/title_activity_view_usage" />
79-->src\main\AndroidManifest.xml:76:13-62
80        <activity
80-->src\main\AndroidManifest.xml:77:9-79:63
81            android:name="com.example.gym.Payments"
81-->src\main\AndroidManifest.xml:78:13-37
82            android:label="@string/title_activity_payments" />
82-->src\main\AndroidManifest.xml:79:13-60
83        <activity
83-->src\main\AndroidManifest.xml:80:9-82:63
84            android:name="com.example.gym.Viewdiet"
84-->src\main\AndroidManifest.xml:81:13-37
85            android:label="@string/title_activity_viewdiet" />
85-->src\main\AndroidManifest.xml:82:13-60
86        <activity
86-->src\main\AndroidManifest.xml:83:9-85:62
87            android:name="com.example.gym.Message"
87-->src\main\AndroidManifest.xml:84:13-36
88            android:label="@string/title_activity_message" />
88-->src\main\AndroidManifest.xml:85:13-59
89        <activity
89-->src\main\AndroidManifest.xml:86:9-88:64
90            android:name="com.example.gym.Complaint"
90-->src\main\AndroidManifest.xml:87:13-38
91            android:label="@string/title_activity_complaint" />
91-->src\main\AndroidManifest.xml:88:13-61
92        <activity
92-->src\main\AndroidManifest.xml:89:9-91:63
93            android:name="com.example.gym.Feedback"
93-->src\main\AndroidManifest.xml:90:13-37
94            android:label="@string/title_activity_feedback" />
94-->src\main\AndroidManifest.xml:91:13-60
95    </application>
96
97</manifest>